c:\users\wangkai jin\desktop\y4\cg\project\g53gra.framework\cgproject\debug\vc142.pdb
c:\users\wangkai jin\desktop\y4\cg\project\g53gra.framework\cgproject\debug\vc142.idb
c:\users\wangkai jin\desktop\y4\cg\project\g53gra.framework\cgproject\debug\texture.obj
c:\users\wangkai jin\desktop\y4\cg\project\g53gra.framework\cgproject\debug\camera.obj
c:\users\wangkai jin\desktop\y4\cg\project\g53gra.framework\cgproject\debug\scene.obj
c:\users\wangkai jin\desktop\y4\cg\project\g53gra.framework\cgproject\debug\engine.obj
c:\users\wangkai jin\desktop\y4\cg\project\g53gra.framework\cgproject\debug\myscene.obj
c:\users\wangkai jin\desktop\y4\cg\project\g53gra.framework\cgproject\debug\main.obj
c:\users\wangkai jin\desktop\y4\cg\project\g53gra.framework\cgproject\debug\sky.obj
c:\users\wangkai jin\desktop\y4\cg\project\g53gra.framework\cgproject\debug\pirateship.obj
c:\users\wangkai jin\desktop\y4\cg\project\g53gra.framework\cgproject\debug\itineraryboat.obj
c:\users\wangkai jin\desktop\y4\cg\project\g53gra.framework\cgproject\debug\gate.obj
c:\users\wangkai jin\desktop\y4\cg\project\g53gra.framework\cgproject\debug\fluid.obj
c:\users\wangkai jin\desktop\y4\cg\project\g53gra.framework\cgproject\debug\floor.obj
c:\users\wangkai jin\desktop\y4\cg\project\g53gra.framework\cgproject\debug\ferriswheel.obj
c:\users\wangkai jin\desktop\y4\cg\project\g53gra.framework\cgproject\debug\fence.obj
c:\users\wangkai jin\desktop\y4\cg\project\g53gra.framework\cgproject\debug\dog.obj
c:\users\wangkai jin\desktop\y4\cg\project\g53gra.framework\cgproject\debug\bridge.obj
c:\users\wangkai jin\desktop\y4\cg\project\g53gra.framework\debug\cgproject.exe
c:\users\wangkai jin\desktop\y4\cg\project\g53gra.framework\cgproject\debug\cgproject.ilk
c:\users\wangkai jin\desktop\y4\cg\project\g53gra.framework\debug\cgproject.pdb
c:\users\wangkai jin\desktop\y4\cg\project\g53gra.framework\cgproject\debug\cgproject.tlog\cl.command.1.tlog
c:\users\wangkai jin\desktop\y4\cg\project\g53gra.framework\cgproject\debug\cgproject.tlog\cl.read.1.tlog
c:\users\wangkai jin\desktop\y4\cg\project\g53gra.framework\cgproject\debug\cgproject.tlog\cl.write.1.tlog
c:\users\wangkai jin\desktop\y4\cg\project\g53gra.framework\cgproject\debug\cgproject.tlog\link.command.1.tlog
c:\users\wangkai jin\desktop\y4\cg\project\g53gra.framework\cgproject\debug\cgproject.tlog\link.read.1.tlog
c:\users\wangkai jin\desktop\y4\cg\project\g53gra.framework\cgproject\debug\cgproject.tlog\link.write.1.tlog
