11月 24, 2020 1:49:05 下午 main.com.ae2dms.GameLogger info
信息: 24/11/2020 13:49:05 -- test info
11月 24, 2020 1:49:47 下午 main.com.ae2dms.GameLogger info
信息: 24/11/2020 13:49:47 -- test info
11月 24, 2020 1:52:47 下午 main.com.ae2dms.GameLogger info
信息: 24/11/2020 13:52:47 -- test info
11月 24, 2020 2:01:55 下午 main.com.ae2dms.GameLogger info
信息: 24/11/2020 14:01:55 -- test info
11月 24, 2020 2:02:13 下午 main.com.ae2dms.GameLogger info
信息: 24/11/2020 14:02:13 -- test info
11月 24, 2020 2:03:00 下午 main.com.ae2dms.GameLogger info
信息: 24/11/2020 14:03:00 -- test info
11月 24, 2020 2:12:34 下午 main.com.ae2dms.GameLogger info
信息: 24/11/2020 14:12:34 -- test info
11月 24, 2020 2:12:57 下午 main.com.ae2dms.GameLogger info
信息: 24/11/2020 14:12:57 -- test info
11月 24, 2020 2:13:38 下午 main.com.ae2dms.GameLogger info
信息: 24/11/2020 14:13:38 -- test info
11月 24, 2020 2:14:03 下午 main.com.ae2dms.GameLogger info
信息: 24/11/2020 14:14:03 -- test info
11月 24, 2020 2:15:37 下午 main.com.ae2dms.GameLogger info
信息: 24/11/2020 14:15:37 -- test info
11月 24, 2020 2:16:09 下午 main.com.ae2dms.GameLogger info
信息: 24/11/2020 14:16:09 -- test info
11月 24, 2020 2:16:16 下午 main.com.ae2dms.GameLogger info
信息: 24/11/2020 14:16:16 -- test info
11月 24, 2020 2:16:44 下午 main.com.ae2dms.GameLogger warning
警告: 24/11/2020 14:16:44 -- test info
11月 24, 2020 2:17:55 下午 main.com.ae2dms.GameLogger warning
警告: 24/11/2020 14:17:55 -- test info
11月 24, 2020 2:18:10 下午 main.com.ae2dms.GameLogger warning
警告: 24/11/2020 14:18:10 -- test info
11月 24, 2020 2:18:11 下午 main.com.ae2dms.GameLogger info
信息: 24/11/2020 14:18:11 -- test info
11月 24, 2020 2:19:02 下午 main.com.ae2dms.GameLogger severe
严重: 24/11/2020 14:19:02 -- test info
11月 24, 2020 2:19:02 下午 main.com.ae2dms.GameLogger info
信息: 24/11/2020 14:19:02 -- test info
11月 24, 2020 2:19:02 下午 main.com.ae2dms.GameLogger warning
警告: 24/11/2020 14:19:02 -- test info
12月 02, 2020 10:47:46 上午 main.com.ae2dms.GameLogger severe
严重: 02/12/2020 10:47:40 -- The object to be moved was not a recognised GameObject.
12月 02, 2020 12:26:08 下午 main.com.ae2dms.GameLogger severe
严重: 02/12/2020 12:25:58 -- The object to be moved was not a recognised GameObject.
12月 05, 2020 5:21:53 下午 main.com.ae2dms.GameLogger severe
严重: 05/12/2020 17:21:34 -- The object to be moved was not a recognised GameObject.
